<?xml version="1.0" encoding="UTF-8"?>
<testsuite xmlns:xsi="http://www.w3.org/2001/XMLSchema-instance" xsi:noNamespaceSchemaLocation="https://maven.apache.org/surefire/maven-surefire-plugin/xsd/surefire-test-report-3.0.xsd" version="3.0" name="tests.HezkyTechPageTest.LoginPageTest" time="23.152" tests="24" errors="0" skipped="0" failures="0">
  <properties>
[...]
</properties>
  <testcase name="LP_001_verifyCompanyLogoVisible" classname="tests.HezkyTechPageTest.LoginPageTest" time="9.511"/>
  <testcase name="LP_002_verifyPageScrollPresence" classname="tests.HezkyTechPageTest.LoginPageTest" time="0.576"/>
  <testcase name="LP_007_verifyAllLinksClickable" classname="tests.HezkyTechPageTest.LoginPageTest" time="2.471"/>
  <testcase name="LP_008_verifyNavigationBackFromLinks" classname="tests.HezkyTechPageTest.LoginPageTest" time="2.031"/>
  <testcase name="LP_009_verifyForgotPasswordFunctionality" classname="tests.HezkyTechPageTest.LoginPageTest" time="0"/>
  <testcase name="LP_010_verifyNavigationBackFromForgotPassword" classname="tests.HezkyTechPageTest.LoginPageTest" time="0.001"/>
  <testcase name="LP_011_verifyErrorMessageForInvalidEmail" classname="tests.HezkyTechPageTest.LoginPageTest" time="0.001"/>
  <testcase name="LP_012_verifyOTPSentForValidEmail" classname="tests.HezkyTechPageTest.LoginPageTest" time="0"/>
  <testcase name="LP_013_verifyUpdatePasswordPageAfterOTP" classname="tests.HezkyTechPageTest.LoginPageTest" time="0"/>
  <testcase name="LP_014_verifyErrorForWrongOTP" classname="tests.HezkyTechPageTest.LoginPageTest" time="0"/>
  <testcase name="LP_015_verifyResendOTPFunctionality" classname="tests.HezkyTechPageTest.LoginPageTest" time="0"/>
  <testcase name="LP_016_verifySuccessfulLogin" classname="tests.HezkyTechPageTest.LoginPageTest" time="0"/>
  <testcase name="LP_017_verifyOTPSentAfterValidLogin" classname="tests.HezkyTechPageTest.LoginPageTest" time="0"/>
  <testcase name="LP_018_verifyAuthorizationPageAfterLogin" classname="tests.HezkyTechPageTest.LoginPageTest" time="0"/>
  <testcase name="LP_019_verifySuccessfulLoginAfterOTP" classname="tests.HezkyTechPageTest.LoginPageTest" time="0.001"/>
  <testcase name="LP_020_verifyLoginFailureWithInvalidOTP" classname="tests.HezkyTechPageTest.LoginPageTest" time="0"/>
  <testcase name="LP_021_verifyLoginFailureWithInvalidCredentials" classname="tests.HezkyTechPageTest.LoginPageTest" time="0"/>
  <testcase name="LP_022_verifyLoginFailureWithIncorrectCustomerID" classname="tests.HezkyTechPageTest.LoginPageTest" time="0"/>
  <testcase name="LP_023_verifyLoginFailureWithMissingCustomerID" classname="tests.HezkyTechPageTest.LoginPageTest" time="0"/>
  <testcase name="LP_024_verifyAccountLockoutAfterFailedAttempts" classname="tests.HezkyTechPageTest.LoginPageTest" time="0"/>
  <testcase name="LP_025_verifyErrorMessageAfterFailedAttempts" classname="tests.HezkyTechPageTest.LoginPageTest" time="0"/>
  <testcase name="LP_026_verifySuccessfulLoginAfterRetry" classname="tests.HezkyTechPageTest.LoginPageTest" time="0"/>
  <testcase name="LP_027_verifyErrorMessageForMissingFields" classname="tests.HezkyTechPageTest.LoginPageTest" time="0"/>
  <testcase name="LP_028_verifyDataAccessAfterLogin" classname="tests.HezkyTechPageTest.LoginPageTest" time="0"/>
</testsuite>