<?xml version="1.0" encoding="UTF-8"?>
<!-- Generated by org.testng.reporters.JUnitXMLReporter -->
<testsuite hostname="LAPTOP-P2SCE6NO" ignored="4" name="Surefire test" tests="24" failures="0" timestamp="2025-04-02T16:22:04 IST" time="20.589" errors="0">
  <testcase name="LP_001_verifyCompanyLogoVisible" time="9.51" classname="tests.HezkyTechPageTest.LoginPageTest"/>
  <testcase name="LP_002_verifyPageScrollPresence" time="0.575" classname="tests.HezkyTechPageTest.LoginPageTest"/>
  <testcase name="LP_007_verifyAllLinksClickable" time="2.471" classname="tests.HezkyTechPageTest.LoginPageTest"/>
  <testcase name="LP_008_verifyNavigationBackFromLinks" time="2.031" classname="tests.HezkyTechPageTest.LoginPageTest"/>
  <testcase name="LP_009_verifyForgotPasswordFunctionality" time="0.0" classname="tests.HezkyTechPageTest.LoginPageTest"/>
  <testcase name="LP_010_verifyNavigationBackFromForgotPassword" time="0.0" classname="tests.HezkyTechPageTest.LoginPageTest"/>
  <testcase name="LP_011_verifyErrorMessageForInvalidEmail" time="0.0" classname="tests.HezkyTechPageTest.LoginPageTest"/>
  <testcase name="LP_012_verifyOTPSentForValidEmail" time="0.0" classname="tests.HezkyTechPageTest.LoginPageTest"/>
  <testcase name="LP_013_verifyUpdatePasswordPageAfterOTP" time="0.001" classname="tests.HezkyTechPageTest.LoginPageTest"/>
  <testcase name="LP_014_verifyErrorForWrongOTP" time="0.001" classname="tests.HezkyTechPageTest.LoginPageTest"/>
  <testcase name="LP_015_verifyResendOTPFunctionality" time="0.0" classname="tests.HezkyTechPageTest.LoginPageTest"/>
  <testcase name="LP_016_verifySuccessfulLogin" time="0.0" classname="tests.HezkyTechPageTest.LoginPageTest"/>
  <testcase name="LP_017_verifyOTPSentAfterValidLogin" time="0.0" classname="tests.HezkyTechPageTest.LoginPageTest"/>
  <testcase name="LP_018_verifyAuthorizationPageAfterLogin" time="0.0" classname="tests.HezkyTechPageTest.LoginPageTest"/>
  <testcase name="LP_019_verifySuccessfulLoginAfterOTP" time="0.0" classname="tests.HezkyTechPageTest.LoginPageTest"/>
  <testcase name="LP_020_verifyLoginFailureWithInvalidOTP" time="0.001" classname="tests.HezkyTechPageTest.LoginPageTest"/>
  <testcase name="LP_021_verifyLoginFailureWithInvalidCredentials" time="0.0" classname="tests.HezkyTechPageTest.LoginPageTest"/>
  <testcase name="LP_022_verifyLoginFailureWithIncorrectCustomerID" time="0.0" classname="tests.HezkyTechPageTest.LoginPageTest"/>
  <testcase name="LP_023_verifyLoginFailureWithMissingCustomerID" time="0.002" classname="tests.HezkyTechPageTest.LoginPageTest"/>
  <testcase name="LP_024_verifyAccountLockoutAfterFailedAttempts" time="0.001" classname="tests.HezkyTechPageTest.LoginPageTest"/>
  <testcase name="LP_025_verifyErrorMessageAfterFailedAttempts" time="0.0" classname="tests.HezkyTechPageTest.LoginPageTest"/>
  <testcase name="LP_026_verifySuccessfulLoginAfterRetry" time="0.0" classname="tests.HezkyTechPageTest.LoginPageTest"/>
  <testcase name="LP_027_verifyErrorMessageForMissingFields" time="0.0" classname="tests.HezkyTechPageTest.LoginPageTest"/>
  <testcase name="LP_028_verifyDataAccessAfterLogin" time="0.0" classname="tests.HezkyTechPageTest.LoginPageTest"/>
  <testcase name="LP_006_verifyMouseCursorOnTextClick" time="0.0" classname="tests.HezkyTechPageTest.LoginPageTest">
    <ignored/>
  </testcase> <!-- LP_006_verifyMouseCursorOnTextClick -->
  <testcase name="LP_003_verifyMouseCursorAtEmailTextbox" time="0.0" classname="tests.HezkyTechPageTest.LoginPageTest">
    <ignored/>
  </testcase> <!-- LP_003_verifyMouseCursorAtEmailTextbox -->
  <testcase name="LP_004_verifyCursorChangeOnHover" time="0.0" classname="tests.HezkyTechPageTest.LoginPageTest">
    <ignored/>
  </testcase> <!-- LP_004_verifyCursorChangeOnHover -->
  <testcase name="LP_005_verifyTooltipOnHover" time="0.0" classname="tests.HezkyTechPageTest.LoginPageTest">
    <ignored/>
  </testcase> <!-- LP_005_verifyTooltipOnHover -->
</testsuite> <!-- Surefire test -->
