<?xml version="1.0" encoding="UTF-8"?>
<!-- Generated by org.testng.reporters.JUnitXMLReporter -->
<testsuite ignored="4" hostname="LAPTOP-P2SCE6NO" failures="0" tests="24" name="Default test" time="17.166" errors="0" timestamp="2025-04-02T16:09:23 IST">
  <testcase classname="tests.HezkyTechPageTest.LoginPageTest" name="LP_001_verifyCompanyLogoVisible" time="12.074"/>
  <testcase classname="tests.HezkyTechPageTest.LoginPageTest" name="LP_002_verifyPageScrollPresence" time="0.291"/>
  <testcase classname="tests.HezkyTechPageTest.LoginPageTest" name="LP_007_verifyAllLinksClickable" time="1.337"/>
  <testcase classname="tests.HezkyTechPageTest.LoginPageTest" name="LP_008_verifyNavigationBackFromLinks" time="0.0"/>
  <testcase classname="tests.HezkyTechPageTest.LoginPageTest" name="LP_009_verifyForgotPasswordFunctionality" time="0.001"/>
  <testcase classname="tests.HezkyTechPageTest.LoginPageTest" name="LP_010_verifyNavigationBackFromForgotPassword" time="0.0"/>
  <testcase classname="tests.HezkyTechPageTest.LoginPageTest" name="LP_011_verifyErrorMessageForInvalidEmail" time="0.001"/>
  <testcase classname="tests.HezkyTechPageTest.LoginPageTest" name="LP_012_verifyOTPSentForValidEmail" time="0.0"/>
  <testcase classname="tests.HezkyTechPageTest.LoginPageTest" name="LP_013_verifyUpdatePasswordPageAfterOTP" time="0.001"/>
  <testcase classname="tests.HezkyTechPageTest.LoginPageTest" name="LP_014_verifyErrorForWrongOTP" time="0.0"/>
  <testcase classname="tests.HezkyTechPageTest.LoginPageTest" name="LP_015_verifyResendOTPFunctionality" time="0.0"/>
  <testcase classname="tests.HezkyTechPageTest.LoginPageTest" name="LP_016_verifySuccessfulLogin" time="0.001"/>
  <testcase classname="tests.HezkyTechPageTest.LoginPageTest" name="LP_017_verifyOTPSentAfterValidLogin" time="0.001"/>
  <testcase classname="tests.HezkyTechPageTest.LoginPageTest" name="LP_018_verifyAuthorizationPageAfterLogin" time="0.001"/>
  <testcase classname="tests.HezkyTechPageTest.LoginPageTest" name="LP_019_verifySuccessfulLoginAfterOTP" time="0.0"/>
  <testcase classname="tests.HezkyTechPageTest.LoginPageTest" name="LP_020_verifyLoginFailureWithInvalidOTP" time="0.0"/>
  <testcase classname="tests.HezkyTechPageTest.LoginPageTest" name="LP_021_verifyLoginFailureWithInvalidCredentials" time="0.0"/>
  <testcase classname="tests.HezkyTechPageTest.LoginPageTest" name="LP_022_verifyLoginFailureWithIncorrectCustomerID" time="0.0"/>
  <testcase classname="tests.HezkyTechPageTest.LoginPageTest" name="LP_023_verifyLoginFailureWithMissingCustomerID" time="0.001"/>
  <testcase classname="tests.HezkyTechPageTest.LoginPageTest" name="LP_024_verifyAccountLockoutAfterFailedAttempts" time="0.001"/>
  <testcase classname="tests.HezkyTechPageTest.LoginPageTest" name="LP_025_verifyErrorMessageAfterFailedAttempts" time="0.0"/>
  <testcase classname="tests.HezkyTechPageTest.LoginPageTest" name="LP_026_verifySuccessfulLoginAfterRetry" time="0.001"/>
  <testcase classname="tests.HezkyTechPageTest.LoginPageTest" name="LP_027_verifyErrorMessageForMissingFields" time="0.0"/>
  <testcase classname="tests.HezkyTechPageTest.LoginPageTest" name="LP_028_verifyDataAccessAfterLogin" time="0.001"/>
  <testcase classname="tests.HezkyTechPageTest.LoginPageTest" name="LP_006_verifyMouseCursorOnTextClick" time="0.0">
    <ignored/>
  </testcase> <!-- LP_006_verifyMouseCursorOnTextClick -->
  <testcase classname="tests.HezkyTechPageTest.LoginPageTest" name="LP_003_verifyMouseCursorAtEmailTextbox" time="0.0">
    <ignored/>
  </testcase> <!-- LP_003_verifyMouseCursorAtEmailTextbox -->
  <testcase classname="tests.HezkyTechPageTest.LoginPageTest" name="LP_004_verifyCursorChangeOnHover" time="0.0">
    <ignored/>
  </testcase> <!-- LP_004_verifyCursorChangeOnHover -->
  <testcase classname="tests.HezkyTechPageTest.LoginPageTest" name="LP_005_verifyTooltipOnHover" time="0.0">
    <ignored/>
  </testcase> <!-- LP_005_verifyTooltipOnHover -->
</testsuite> <!-- Default test -->
